1575801197.990658 client started (40292): version 3.0a, socket /private/tmp/tmux-503/default, protocol 8
1575801197.990714 on Darwin 18.7.0 Darwin Kernel Version 18.7.0: Thu Jun 20 18:42:21 PDT 2019; root:xnu-4903.270.47~4/RELEASE_X86_64; libevent 2.1.11-stable (select)
1575801197.990754 socket is /private/tmp/tmux-503/default
1575801197.990776 trying connect
1575801197.990806 connect failed: Connection refused
1575801197.991067 lock file is /private/tmp/tmux-503/default.lock
1575801197.991167 flock succeeded
1575801197.991176 got lock (6)
1575801197.991185 trying connect
1575801197.991195 connect failed: Connection refused
1575801197.991867 add peer 0x10f796000: 7 (0x0)
1575801197.993318 sending message 100 to peer 0x10f796000 (4 bytes)
1575801197.993345 sending message 101 to peer 0x10f796000 (15 bytes)
1575801197.993356 sending message 102 to peer 0x10f796000 (13 bytes)
1575801197.993364 sending message 108 to peer 0x10f796000 (42 bytes)
1575801197.993383 sending message 104 to peer 0x10f796000 (0 bytes)
1575801197.993391 sending message 107 to peer 0x10f796000 (4 bytes)
1575801197.993402 sending message 105 to peer 0x10f796000 (60 bytes)
1575801197.993412 sending message 105 to peer 0x10f796000 (66 bytes)
1575801197.993419 sending message 105 to peer 0x10f796000 (26 bytes)
1575801197.993427 sending message 105 to peer 0x10f796000 (76 bytes)
1575801197.993437 sending message 105 to peer 0x10f796000 (14 bytes)
1575801197.993447 sending message 105 to peer 0x10f796000 (28 bytes)
1575801197.993457 sending message 105 to peer 0x10f796000 (14 bytes)
1575801197.993468 sending message 105 to peer 0x10f796000 (46 bytes)
1575801197.993478 sending message 105 to peer 0x10f796000 (15 bytes)
1575801197.993488 sending message 105 to peer 0x10f796000 (15 bytes)
1575801197.993499 sending message 105 to peer 0x10f796000 (27 bytes)
1575801197.993508 sending message 105 to peer 0x10f796000 (23 bytes)
1575801197.993520 sending message 105 to peer 0x10f796000 (409 bytes)
1575801197.993530 sending message 105 to peer 0x10f796000 (19 bytes)
1575801197.993543 sending message 105 to peer 0x10f796000 (20 bytes)
1575801197.993554 sending message 105 to peer 0x10f796000 (20 bytes)
1575801197.993564 sending message 105 to peer 0x10f796000 (18 bytes)
1575801197.993575 sending message 105 to peer 0x10f796000 (57 bytes)
1575801197.993585 sending message 105 to peer 0x10f796000 (11 bytes)
1575801197.993595 sending message 105 to peer 0x10f796000 (19 bytes)
1575801197.993605 sending message 105 to peer 0x10f796000 (14 bytes)
1575801197.993616 sending message 105 to peer 0x10f796000 (61 bytes)
1575801197.993626 sending message 105 to peer 0x10f796000 (38 bytes)
1575801197.993636 sending message 105 to peer 0x10f796000 (8 bytes)
1575801197.993646 sending message 105 to peer 0x10f796000 (49 bytes)
1575801197.993656 sending message 105 to peer 0x10f796000 (28 bytes)
1575801197.993667 sending message 105 to peer 0x10f796000 (28 bytes)
1575801197.993677 sending message 105 to peer 0x10f796000 (42 bytes)
1575801197.993688 sending message 105 to peer 0x10f796000 (37 bytes)
1575801197.993698 sending message 105 to peer 0x10f796000 (11 bytes)
1575801197.993709 sending message 105 to peer 0x10f796000 (8 bytes)
1575801197.993720 sending message 105 to peer 0x10f796000 (32 bytes)
1575801197.993730 sending message 105 to peer 0x10f796000 (17 bytes)
1575801197.993741 sending message 105 to peer 0x10f796000 (19 bytes)
1575801197.993752 sending message 105 to peer 0x10f796000 (43 bytes)
1575801197.993762 sending message 105 to peer 0x10f796000 (48 bytes)
1575801197.993772 sending message 105 to peer 0x10f796000 (32 bytes)
1575801197.993783 sending message 105 to peer 0x10f796000 (50 bytes)
1575801197.993793 sending message 105 to peer 0x10f796000 (93 bytes)
1575801197.993800 sending message 105 to peer 0x10f796000 (18 bytes)
1575801197.993808 sending message 105 to peer 0x10f796000 (20 bytes)
1575801197.993818 sending message 105 to peer 0x10f796000 (18 bytes)
1575801197.993831 sending message 105 to peer 0x10f796000 (23 bytes)
1575801197.993841 sending message 105 to peer 0x10f796000 (25 bytes)
1575801197.993867 sending message 105 to peer 0x10f796000 (25 bytes)
1575801197.993874 sending message 105 to peer 0x10f796000 (16 bytes)
1575801197.993881 sending message 105 to peer 0x10f796000 (18 bytes)
1575801197.993888 sending message 105 to peer 0x10f796000 (13 bytes)
1575801197.993895 sending message 105 to peer 0x10f796000 (26 bytes)
1575801197.993905 sending message 105 to peer 0x10f796000 (16 bytes)
1575801197.993913 sending message 105 to peer 0x10f796000 (51 bytes)
1575801197.993920 sending message 105 to peer 0x10f796000 (35 bytes)
1575801197.993927 sending message 105 to peer 0x10f796000 (7 bytes)
1575801197.993934 sending message 105 to peer 0x10f796000 (11 bytes)
1575801197.993941 sending message 105 to peer 0x10f796000 (43 bytes)
1575801197.993949 sending message 105 to peer 0x10f796000 (14 bytes)
1575801197.993956 sending message 105 to peer 0x10f796000 (28 bytes)
1575801197.993963 sending message 105 to peer 0x10f796000 (23 bytes)
1575801197.993970 sending message 105 to peer 0x10f796000 (30 bytes)
1575801197.993977 sending message 105 to peer 0x10f796000 (22 bytes)
1575801197.993984 sending message 106 to peer 0x10f796000 (0 bytes)
1575801197.993995 sending message 200 to peer 0x10f796000 (4 bytes)
1575801197.994002 client loop enter
1575801198.071141 peer 0x10f796000 message 207
1575801198.071158 sending message 208 to peer 0x10f796000 (0 bytes)
1575801202.064869 peer 0x10f796000 message 203
1575801202.064893 sending message 205 to peer 0x10f796000 (0 bytes)
1575801202.065135 peer 0x10f796000 message 204
1575801202.065149 client loop exit
